-----------------start fetch ApolloAuto/apollo---------------
ApolloAuto/apollo 1 2020-11-24 18:54:06.609705 10209 500
-----------------start fetch AFNetworking/AFNetworking---------------
AFNetworking/AFNetworking 1 2020-11-24 18:54:06.633437 1499 200
-----------------start fetch AssemblyScript/assemblyscript---------------
AssemblyScript/assemblyscript 1 2020-11-24 18:54:06.665236 778 200
-----------------start fetch 3b1b/manim---------------
3b1b/manim 1 2020-11-24 18:54:06.720382 733 300
-----------------start fetch Automattic/_s---------------
Automattic/_s 1 2020-11-24 18:54:06.763268 889 700
3b1b/manim 2 2020-11-24 18:54:14.177437 733 400
ApolloAuto/apollo 2 2020-11-24 18:54:14.530612 10209 600
401 retry
502 retry
3b1b/manim 3 2020-11-24 18:54:20.584725 733 500
Automattic/_s 2 2020-11-24 18:54:20.967956 889 800
ApolloAuto/apollo 3 2020-11-24 18:54:21.398555 10209 700
3b1b/manim 4 2020-11-24 18:54:26.339568 733 600
502 retry
3b1b/manim 5 2020-11-24 18:54:32.565785 733 700
ApolloAuto/apollo 4 2020-11-24 18:54:34.908337 10209 800
-----------------finish fetch 3b1b/manim---------------
-----------------start fetch Automattic/mongoose---------------
Automattic/mongoose 1 2020-11-24 18:54:35.982561 1653 300
401 retry
ApolloAuto/apollo 5 2020-11-24 18:54:43.683450 10209 900
401 retry
502 retry
Automattic/mongoose 2 2020-11-24 18:54:52.368821 1653 400
401 retry
401 retry
Automattic/mongoose 3 2020-11-24 18:55:06.862151 1653 500
-----------------finish fetch Automattic/_s---------------
ApolloAuto/apollo 6 2020-11-24 18:55:09.679134 10209 1000
-----------------start fetch Automattic/_s---------------
Automattic/_s 1 2020-11-24 18:55:16.726488 578 100
401 retry
ApolloAuto/apollo 7 2020-11-24 18:55:19.842509 10209 1100
Automattic/mongoose 4 2020-11-24 18:55:24.761722 1653 600
Automattic/_s 2 2020-11-24 18:55:24.911691 578 200
401 retry
Automattic/_s 3 2020-11-24 18:55:33.297469 578 300
ApolloAuto/apollo 8 2020-11-24 18:55:34.231279 10209 1200
502 retry
ApolloAuto/apollo 9 2020-11-24 18:55:41.202471 10209 1300
401 retry
Automattic/mongoose 5 2020-11-24 18:55:53.949470 1653 700
Automattic/mongoose 6 2020-11-24 18:56:07.261975 1653 800
Automattic/_s 4 2020-11-24 18:56:11.615848 578 400
Automattic/mongoose 7 2020-11-24 18:56:17.147475 1653 900
Automattic/_s 5 2020-11-24 18:56:21.469233 578 500
-----------------finish fetch Automattic/_s---------------
502 retry
Automattic/mongoose 8 2020-11-24 18:56:41.063522 1653 1000
Traceback (most recent call last):
  File "prepare_response.py", line 116, in <module>
    for _ in executor.map(request_graphQL, repolist):
  File "/root/anaconda3/lib/python3.7/concurrent/futures/_base.py", line 598, in result_iterator
    yield fs.pop().result()
  File "/root/anaconda3/lib/python3.7/concurrent/futures/_base.py", line 428, in result
    return self.__get_result()
  File "/root/anaconda3/lib/python3.7/concurrent/futures/_base.py", line 384, in __get_result
    raise self._exception
  File "/root/anaconda3/lib/python3.7/concurrent/futures/thread.py", line 57, in run
    result = self.fn(*self.args, **self.kwargs)
  File "prepare_response.py", line 102, in request_graphQL
    r2 = query_request(queries.search_100_nodes, owner, repo, type, last_typenode=earliest_pr_cursor)
  File "prepare_response.py", line 19, in query_request
    token = tokens[random.randint(0,len(tokens))].strip()
IndexError: list index out of range
